<?xml version="1.0" encoding="UTF-8"?>
<testng-results ignored="0" total="1" passed="1" failed="0" skipped="0">
  <reporter-output>
  </reporter-output>
  <suite started-at="2022-03-22T11:54:52 IST" name="Default suite" finished-at="2022-03-22T11:55:01 IST" duration-ms="9064">
    <groups>
    </groups>
    <test started-at="2022-03-22T11:54:52 IST" name="Default test" finished-at="2022-03-22T11:55:01 IST" duration-ms="9064">
      <class name="Or.kal.CheckoutFlowTest">
        <test-method is-config="true" signature="browser()[pri:0, instance:Or.kal.CheckoutFlowTest@5d0a1059]" started-at="2022-03-22T11:54:51 IST" name="browser" finished-at="2022-03-22T11:54:52 IST" duration-ms="1246" status="PASS">
          <reporter-output>
          </reporter-output>
        </test-method> <!-- browser -->
        <test-method is-config="true" signature="url()[pri:0, instance:Or.kal.CheckoutFlowTest@5d0a1059]" started-at="2022-03-22T11:54:52 IST" name="url" finished-at="2022-03-22T11:55:01 IST" duration-ms="8665" status="PASS">
          <reporter-output>
          </reporter-output>
        </test-method> <!-- url -->
        <test-method signature="checkoutFlowAdmin()[pri:0, instance:Or.kal.CheckoutFlowTest@5d0a1059]" started-at="2022-03-22T11:55:01 IST" name="checkoutFlowAdmin" finished-at="2022-03-22T11:55:01 IST" duration-ms="366" status="PASS">
          <reporter-output>
          </reporter-output>
        </test-method> <!-- checkoutFlowAdmin -->
      </class> <!-- Or.kal.CheckoutFlowTest -->
    </test> <!-- Default test -->
  </suite> <!-- Default suite -->
</testng-results>
