<?xml version="1.0" encoding="UTF-8"?>
<testng-results skipped="0" failed="0" ignored="0" total="1" passed="1">
  <reporter-output>
  </reporter-output>
  <suite name="Default suite" duration-ms="21804" started-at="2022-05-16T13:58:21Z" finished-at="2022-05-16T13:58:43Z">
    <groups>
    </groups>
    <test name="Default test" duration-ms="21804" started-at="2022-05-16T13:58:21Z" finished-at="2022-05-16T13:58:43Z">
      <class name="Tests.LoginTest">
        <test-method status="PASS" signature="Login1()[pri:0, instance:Tests.LoginTest@13acb0d1]" name="Login1" is-config="true" duration-ms="1476" started-at="2022-05-16T13:58:21Z" finished-at="2022-05-16T13:58:23Z">
          <reporter-output>
          </reporter-output>
        </test-method> <!-- Login1 -->
        <test-method status="PASS" signature="Login()[pri:0, instance:Tests.LoginTest@13acb0d1]" name="Login" duration-ms="16125" started-at="2022-05-16T13:58:23Z" finished-at="2022-05-16T13:58:39Z">
          <reporter-output>
          </reporter-output>
        </test-method> <!-- Login -->
        <test-method status="PASS" signature="Close()[pri:0, instance:Tests.LoginTest@13acb0d1]" name="Close" is-config="true" duration-ms="4189" started-at="2022-05-16T13:58:39Z" finished-at="2022-05-16T13:58:43Z">
          <reporter-output>
          </reporter-output>
        </test-method> <!-- Close -->
      </class> <!-- Tests.LoginTest -->
    </test> <!-- Default test -->
  </suite> <!-- Default suite -->
</testng-results>
